{"level":"info","message":"Loading Mongoose functionality","timestamp":"2017-11-25T11:38:35.621Z"}
{"level":"info","message":"Starting application","timestamp":"2017-11-25T11:38:35.780Z"}
{"level":"info","message":"Creating HTTP server on port: 5000","timestamp":"2017-11-25T11:38:35.780Z"}
{"level":"info","message":"Mongoose connected to the database","timestamp":"2017-11-25T11:38:35.795Z"}
{"level":"info","message":"Request from ::1","timestamp":"2017-11-25T11:38:56.561Z"}
{"level":"info","message":"Request from ::1","timestamp":"2017-11-25T11:38:58.537Z"}
{"level":"info","message":"Request from ::1","timestamp":"2017-11-25T11:41:27.964Z"}
{"level":"info","message":"Request from ::1","timestamp":"2017-11-25T11:46:03.428Z"}
{"level":"info","message":"Request from ::1","timestamp":"2017-11-25T11:46:03.430Z"}
{"level":"verbose","message":"Get all pics","timestamp":"2017-11-25T11:46:03.430Z"}
{"level":"info","message":"Request from ::1","timestamp":"2017-11-25T11:46:55.277Z"}
{"level":"verbose","message":"Get all pics","timestamp":"2017-11-25T11:46:55.277Z"}
{"level":"info","message":"Loading Mongoose functionality","timestamp":"2017-11-25T11:47:15.035Z"}
{"level":"info","message":"Starting application","timestamp":"2017-11-25T11:47:15.167Z"}
{"level":"info","message":"Creating HTTP server on port: 5000","timestamp":"2017-11-25T11:47:15.167Z"}
{"level":"info","message":"Mongoose connected to the database","timestamp":"2017-11-25T11:47:15.180Z"}
{"level":"info","message":"Request from ::1","timestamp":"2017-11-25T11:47:17.100Z"}
{"level":"verbose","message":"Get all pics","timestamp":"2017-11-25T11:47:17.102Z"}
{"level":"info","message":"Request from ::1","timestamp":"2017-11-25T11:47:41.252Z"}
{"level":"verbose","message":"Get all pics","timestamp":"2017-11-25T11:47:41.252Z"}
{"level":"info","message":"Request from ::1","timestamp":"2017-11-25T11:47:56.799Z"}
{"level":"verbose","message":"Create a Pic","timestamp":"2017-11-25T11:47:56.814Z"}
{"level":"info","message":"Request from ::1","timestamp":"2017-11-25T11:48:23.113Z"}
{"level":"verbose","message":"Get all pics","timestamp":"2017-11-25T11:48:23.113Z"}
{"level":"info","message":"Request from ::1","timestamp":"2017-11-25T11:48:37.642Z"}
{"level":"verbose","message":"Get all pics","timestamp":"2017-11-25T11:48:37.642Z"}
{"level":"info","message":"Request from ::1","timestamp":"2017-11-25T11:48:49.885Z"}
{"level":"verbose","message":"Get all pics","timestamp":"2017-11-25T11:48:49.885Z"}
{"level":"info","message":"Request from ::1","timestamp":"2017-11-25T11:48:56.033Z"}
{"level":"verbose","message":"Get all pics","timestamp":"2017-11-25T11:48:56.033Z"}
{"level":"info","message":"Request from ::1","timestamp":"2017-11-25T11:49:08.747Z"}
{"level":"verbose","message":"Get all pics","timestamp":"2017-11-25T11:49:08.747Z"}
{"level":"info","message":"Request from ::1","timestamp":"2017-11-25T11:49:11.264Z"}
{"level":"verbose","message":"Get all pics","timestamp":"2017-11-25T11:49:11.264Z"}
{"level":"info","message":"Request from ::1","timestamp":"2017-11-25T11:49:42.605Z"}
{"level":"verbose","message":"Get all pics","timestamp":"2017-11-25T11:49:42.606Z"}
{"level":"info","message":"Request from ::1","timestamp":"2017-11-25T11:49:49.500Z"}
{"level":"verbose","message":"Get all pics","timestamp":"2017-11-25T11:49:49.500Z"}
{"level":"info","message":"Request from ::1","timestamp":"2017-11-25T11:50:00.885Z"}
{"level":"verbose","message":"Get all pics","timestamp":"2017-11-25T11:50:00.885Z"}
{"level":"info","message":"Request from ::1","timestamp":"2017-11-25T11:50:45.705Z"}
{"level":"verbose","message":"Create a Pic","timestamp":"2017-11-25T11:50:45.706Z"}
{"level":"info","message":"Request from ::1","timestamp":"2017-11-25T11:50:45.723Z"}
{"level":"verbose","message":"Upload file for Pic 5a1959155585d772e806d2a7 and 5a1937425a09da6f0663fb7c","timestamp":"2017-11-25T11:50:45.733Z"}
{"level":"info","message":"Request from ::1","timestamp":"2017-11-25T11:50:50.339Z"}
{"level":"verbose","message":"Get all pics","timestamp":"2017-11-25T11:50:50.339Z"}
{"level":"info","message":"Request from ::1","timestamp":"2017-11-25T11:51:02.031Z"}
{"level":"verbose","message":"Get all pics","timestamp":"2017-11-25T11:51:02.031Z"}
{"level":"info","message":"Request from ::1","timestamp":"2017-11-25T11:51:03.631Z"}
{"level":"verbose","message":"Get all pics","timestamp":"2017-11-25T11:51:03.631Z"}
{"level":"info","message":"Request from ::1","timestamp":"2017-11-25T11:51:07.495Z"}
{"level":"verbose","message":"Get all pics","timestamp":"2017-11-25T11:51:07.495Z"}
{"level":"info","message":"Request from ::1","timestamp":"2017-11-25T11:51:54.728Z"}
{"level":"verbose","message":"Get all pics","timestamp":"2017-11-25T11:51:54.728Z"}
{"level":"info","message":"Request from ::1","timestamp":"2017-11-25T11:51:54.791Z"}
{"level":"info","message":"Request from ::1","timestamp":"2017-11-25T11:52:04.822Z"}
{"level":"info","message":"Request from ::1","timestamp":"2017-11-25T11:52:18.274Z"}
{"level":"verbose","message":"Get all pics","timestamp":"2017-11-25T11:52:18.274Z"}
{"level":"info","message":"Request from ::1","timestamp":"2017-11-25T11:52:18.344Z"}
{"level":"info","message":"Request from ::1","timestamp":"2017-11-25T11:52:18.345Z"}
{"level":"info","message":"Request from ::1","timestamp":"2017-11-25T11:52:44.583Z"}
{"level":"verbose","message":"Get all pics","timestamp":"2017-11-25T11:52:44.583Z"}
{"level":"info","message":"Request from ::1","timestamp":"2017-11-25T11:52:44.632Z"}
{"level":"info","message":"Request from ::1","timestamp":"2017-11-25T11:52:44.633Z"}
{"level":"info","message":"Request from ::1","timestamp":"2017-11-25T11:52:48.400Z"}
{"level":"verbose","message":"Get all pics","timestamp":"2017-11-25T11:52:48.400Z"}
{"level":"info","message":"Request from ::1","timestamp":"2017-11-25T11:52:48.435Z"}
{"level":"info","message":"Request from ::1","timestamp":"2017-11-25T11:52:48.436Z"}
{"level":"info","message":"Request from ::1","timestamp":"2017-11-25T11:53:14.840Z"}
{"level":"verbose","message":"Get all pics","timestamp":"2017-11-25T11:53:14.840Z"}
{"level":"info","message":"Request from ::1","timestamp":"2017-11-25T11:53:14.896Z"}
{"level":"info","message":"Request from ::1","timestamp":"2017-11-25T11:53:14.898Z"}
{"level":"info","message":"Request from ::1","timestamp":"2017-11-25T11:53:30.849Z"}
{"level":"verbose","message":"Get all pics","timestamp":"2017-11-25T11:53:30.849Z"}
{"level":"info","message":"Request from ::1","timestamp":"2017-11-25T11:53:30.912Z"}
{"level":"info","message":"Request from ::1","timestamp":"2017-11-25T11:53:30.913Z"}
{"level":"info","message":"Request from ::1","timestamp":"2017-11-25T11:54:02.800Z"}
{"level":"verbose","message":"Get all pics","timestamp":"2017-11-25T11:54:02.800Z"}
{"level":"info","message":"Request from ::1","timestamp":"2017-11-25T11:54:02.859Z"}
{"level":"info","message":"Request from ::1","timestamp":"2017-11-25T11:54:02.860Z"}
