{"level":"info","message":"Loading Mongoose functionality","timestamp":"2017-12-10T02:38:44.607Z"}
{"level":"info","message":"Starting application","timestamp":"2017-12-10T02:38:44.775Z"}
{"level":"info","message":"Creating HTTP server on port: 5000","timestamp":"2017-12-10T02:38:44.775Z"}
{"level":"info","message":"Mongoose connected to the database","timestamp":"2017-12-10T02:38:44.804Z"}
{"level":"info","message":"Request from ::1","timestamp":"2017-12-10T02:38:49.217Z"}
{"level":"info","message":"Request from ::1","timestamp":"2017-12-10T02:38:49.298Z"}
{"level":"info","message":"Request from ::1","timestamp":"2017-12-10T02:38:52.257Z"}
{"level":"info","message":"Request from ::1","timestamp":"2017-12-10T02:38:52.345Z"}
{"level":"info","message":"Request from ::1","timestamp":"2017-12-10T02:40:29.613Z"}
{"level":"verbose","message":"Create user","timestamp":"2017-12-10T02:40:29.658Z"}
{"level":"info","message":"Request from ::1","timestamp":"2017-12-10T02:41:08.071Z"}
{"level":"info","message":"Request from ::1","timestamp":"2017-12-10T02:41:08.272Z"}
{"level":"verbose","message":"Get all pics","timestamp":"2017-12-10T02:41:08.273Z"}
{"level":"info","message":"Request from ::1","timestamp":"2017-12-10T02:42:07.872Z"}
{"level":"info","message":"Request from ::1","timestamp":"2017-12-10T02:42:53.624Z"}
{"level":"verbose","message":"Upload file for Pic 5a21bb070ce8910725091aab and 5a208d00efc54302d4bd4858","timestamp":"2017-12-10T02:42:53.654Z"}
{"level":"info","message":"Request from ::1","timestamp":"2017-12-10T02:42:53.698Z"}
{"level":"info","message":"Request from ::1","timestamp":"2017-12-10T02:42:53.777Z"}
{"level":"info","message":"Request from ::1","timestamp":"2017-12-10T02:42:56.201Z"}
{"level":"info","message":"Request from ::1","timestamp":"2017-12-10T02:42:56.436Z"}
{"level":"verbose","message":"Get all pics","timestamp":"2017-12-10T02:42:56.436Z"}
{"level":"info","message":"Request from ::1","timestamp":"2017-12-10T02:43:00.104Z"}
{"level":"info","message":"Request from ::1","timestamp":"2017-12-10T02:43:00.107Z"}
{"level":"info","message":"Request from ::1","timestamp":"2017-12-10T02:44:04.762Z"}
{"level":"verbose","message":"Upload file for Pic 5a21bb070ce8910725091aab and 5a208d00efc54302d4bd4858","timestamp":"2017-12-10T02:44:04.769Z"}
{"level":"info","message":"Request from ::1","timestamp":"2017-12-10T02:44:04.805Z"}
{"level":"info","message":"Request from ::1","timestamp":"2017-12-10T02:44:04.862Z"}
{"level":"info","message":"Request from ::1","timestamp":"2017-12-10T02:44:06.572Z"}
{"level":"info","message":"Request from ::1","timestamp":"2017-12-10T02:44:06.784Z"}
{"level":"verbose","message":"Get all pics","timestamp":"2017-12-10T02:44:06.784Z"}
{"level":"info","message":"Request from ::1","timestamp":"2017-12-10T02:44:11.396Z"}
{"level":"info","message":"Request from ::1","timestamp":"2017-12-10T02:44:11.398Z"}
{"level":"info","message":"Request from ::1","timestamp":"2017-12-10T02:44:15.512Z"}
{"level":"info","message":"Request from ::1","timestamp":"2017-12-10T02:44:15.530Z"}
{"level":"info","message":"Request from ::1","timestamp":"2017-12-10T02:44:15.577Z"}
{"level":"info","message":"Request from ::1","timestamp":"2017-12-10T02:44:16.282Z"}
{"level":"info","message":"Request from ::1","timestamp":"2017-12-10T02:44:16.492Z"}
{"level":"verbose","message":"Get all pics","timestamp":"2017-12-10T02:44:16.493Z"}
{"level":"info","message":"Request from ::1","timestamp":"2017-12-10T02:44:32.147Z"}
{"level":"info","message":"Request from ::1","timestamp":"2017-12-10T02:47:57.890Z"}
{"level":"verbose","message":"Create a Pic","timestamp":"2017-12-10T02:47:57.892Z"}
{"level":"info","message":"Request from ::1","timestamp":"2017-12-10T02:48:02.628Z"}
{"level":"verbose","message":"Delete Pic with id PicID + req.params.PicID","timestamp":"2017-12-10T02:48:02.628Z"}
{"level":"info","message":"Request from ::1","timestamp":"2017-12-10T02:49:42.749Z"}
{"level":"info","message":"Request from ::1","timestamp":"2017-12-10T02:49:42.812Z"}
{"level":"info","message":"Request from ::1","timestamp":"2017-12-10T02:49:44.324Z"}
{"level":"info","message":"Request from ::1","timestamp":"2017-12-10T02:50:13.392Z"}
{"level":"info","message":"Request from ::1","timestamp":"2017-12-10T02:50:13.566Z"}
{"level":"verbose","message":"Get all pics","timestamp":"2017-12-10T02:50:13.567Z"}
{"level":"info","message":"Request from ::1","timestamp":"2017-12-10T02:50:15.013Z"}
{"level":"info","message":"Request from ::1","timestamp":"2017-12-10T02:51:04.615Z"}
{"level":"verbose","message":"Upload file for Pic 5a21bb070ce8910725091aab and 5a208d00efc54302d4bd4858","timestamp":"2017-12-10T02:51:04.620Z"}
{"level":"info","message":"Request from ::1","timestamp":"2017-12-10T02:51:04.647Z"}
{"level":"info","message":"Request from ::1","timestamp":"2017-12-10T02:51:04.708Z"}
{"level":"info","message":"Request from ::1","timestamp":"2017-12-10T02:51:06.512Z"}
{"level":"info","message":"Request from ::1","timestamp":"2017-12-10T02:51:06.723Z"}
{"level":"verbose","message":"Get all pics","timestamp":"2017-12-10T02:51:06.723Z"}
{"level":"info","message":"Request from ::1","timestamp":"2017-12-10T02:51:08.569Z"}
{"level":"info","message":"Request from ::1","timestamp":"2017-12-10T02:51:08.572Z"}
{"level":"info","message":"Request from ::1","timestamp":"2017-12-10T06:36:56.846Z"}
{"level":"verbose","message":"Update Pic with id Pic id5a21bb070ce8910725091aab","timestamp":"2017-12-10T06:36:56.850Z"}
{"level":"info","message":"Request from ::1","timestamp":"2017-12-10T06:39:40.264Z"}
{"level":"info","message":"Request from ::1","timestamp":"2017-12-10T06:39:40.368Z"}
{"level":"info","message":"Request from ::1","timestamp":"2017-12-10T06:39:41.753Z"}
{"level":"info","message":"Request from ::1","timestamp":"2017-12-10T06:39:47.472Z"}
{"level":"info","message":"Request from ::1","timestamp":"2017-12-10T06:39:47.504Z"}
{"level":"info","message":"Request from ::1","timestamp":"2017-12-10T06:39:48.049Z"}
{"level":"info","message":"Request from ::1","timestamp":"2017-12-10T06:39:53.443Z"}
{"level":"info","message":"Request from ::1","timestamp":"2017-12-10T06:39:53.488Z"}
{"level":"info","message":"Request from ::1","timestamp":"2017-12-10T06:39:54.024Z"}
{"level":"info","message":"Request from ::1","timestamp":"2017-12-10T06:40:30.668Z"}
{"level":"info","message":"Request from ::1","timestamp":"2017-12-10T06:40:30.841Z"}
{"level":"verbose","message":"Get all pics","timestamp":"2017-12-10T06:40:30.841Z"}
{"level":"info","message":"Request from ::1","timestamp":"2017-12-10T06:40:49.480Z"}
{"level":"info","message":"Request from ::1","timestamp":"2017-12-10T06:40:49.481Z"}
{"level":"info","message":"Request from ::1","timestamp":"2017-12-10T06:41:12.283Z"}
{"level":"verbose","message":"Create a Pic","timestamp":"2017-12-10T06:41:12.283Z"}
